Determining if the pthread_create exist failed with the following output:
Change Dir: /home/curry/study/researches/pcl_learning/local_feature_descriptor/labs/tools/kitti_txt2pcd/build/CMakeFiles/CMakeTmp

Run Build Command:"/usr/bin/make" "cmTC_1de08/fast"
/usr/bin/make -f CMakeFiles/cmTC_1de08.dir/build.make CMakeFiles/cmTC_1de08.dir/build
make[1]: Entering directory '/home/curry/study/researches/pcl_learning/local_feature_descriptor/labs/tools/kitti_txt2pcd/build/CMakeFiles/CMakeTmp'
Building C object CMakeFiles/cmTC_1de08.dir/CheckSymbolExists.c.o
/usr/bin/cc     -o CMakeFiles/cmTC_1de08.dir/CheckSymbolExists.c.o   -c /home/curry/study/researches/pcl_learning/local_feature_descriptor/labs/tools/kitti_txt2pcd/build/CMakeFiles/CMakeTmp/CheckSymbolExists.c
Linking C executable cmTC_1de08
/usr/bin/cmake -E cmake_link_script CMakeFiles/cmTC_1de08.dir/link.txt --verbose=1
/usr/bin/cc       CMakeFiles/cmTC_1de08.dir/CheckSymbolExists.c.o  -o cmTC_1de08 -rdynamic 
CMakeFiles/cmTC_1de08.dir/CheckSymbolExists.c.o: In function `main':
CheckSymbolExists.c:(.text+0x16): undefined reference to `pthread_create'
collect2: error: ld returned 1 exit status
CMakeFiles/cmTC_1de08.dir/build.make:97: recipe for target 'cmTC_1de08' failed
make[1]: *** [cmTC_1de08] Error 1
make[1]: Leaving directory '/home/curry/study/researches/pcl_learning/local_feature_descriptor/labs/tools/kitti_txt2pcd/build/CMakeFiles/CMakeTmp'
Makefile:126: recipe for target 'cmTC_1de08/fast' failed
make: *** [cmTC_1de08/fast] Error 2

File /home/curry/study/researches/pcl_learning/local_feature_descriptor/labs/tools/kitti_txt2pcd/build/CMakeFiles/CMakeTmp/CheckSymbolExists.c:
/* */
#include <pthread.h>

int main(int argc, char** argv)
{
  (void)argv;
#ifndef pthread_create
  return ((int*)(&pthread_create))[argc];
#else
  (void)argc;
  return 0;
#endif
}

Determining if the function pthread_create exists in the pthreads failed with the following output:
Change Dir: /home/curry/study/researches/pcl_learning/local_feature_descriptor/labs/tools/kitti_txt2pcd/build/CMakeFiles/CMakeTmp

Run Build Command:"/usr/bin/make" "cmTC_b0023/fast"
/usr/bin/make -f CMakeFiles/cmTC_b0023.dir/build.make CMakeFiles/cmTC_b0023.dir/build
make[1]: Entering directory '/home/curry/study/researches/pcl_learning/local_feature_descriptor/labs/tools/kitti_txt2pcd/build/CMakeFiles/CMakeTmp'
Building C object CMakeFiles/cmTC_b0023.dir/CheckFunctionExists.c.o
/usr/bin/cc    -DCHECK_FUNCTION_EXISTS=pthread_create   -o CMakeFiles/cmTC_b0023.dir/CheckFunctionExists.c.o   -c /usr/share/cmake-3.5/Modules/CheckFunctionExists.c
Linking C executable cmTC_b0023
/usr/bin/cmake -E cmake_link_script CMakeFiles/cmTC_b0023.dir/link.txt --verbose=1
/usr/bin/cc   -DCHECK_FUNCTION_EXISTS=pthread_create    CMakeFiles/cmTC_b0023.dir/CheckFunctionExists.c.o  -o cmTC_b0023 -rdynamic -lpthreads 
/usr/bin/ld: cannot find -lpthreads
collect2: error: ld returned 1 exit status
CMakeFiles/cmTC_b0023.dir/build.make:97: recipe for target 'cmTC_b0023' failed
make[1]: *** [cmTC_b0023] Error 1
make[1]: Leaving directory '/home/curry/study/researches/pcl_learning/local_feature_descriptor/labs/tools/kitti_txt2pcd/build/CMakeFiles/CMakeTmp'
Makefile:126: recipe for target 'cmTC_b0023/fast' failed
make: *** [cmTC_b0023/fast] Error 2


